# JRE version: Java(TM) SE Runtime Environment (17.0.7+8) (build 17.0.7+8-LTS-224)
# Java VM: Java HotSpot(TM) 64-Bit Server VM (17.0.7+8-LTS-224, mixed mode, emulated-client, sharing, tiered, compressed oops, compressed class ptrs, g1 gc, windows-amd64)
GC Precious Log:
 CPUs: 16 total, 16 available
 Memory: 15681M
 Large Page Support: Disabled
 NUMA Support: Disabled
 Compressed Oops: Enabled (Zero based)
 Heap Region Size: 2M
 Heap Min Capacity: 8M
 Heap Initial Capacity: 246M
 Heap Max Capacity: 3922M
 Pre-touch: Disabled
 Parallel Workers: 13
 Concurrent Workers: 3
 Concurrent Refinement Workers: 13
 Periodic GC: Disabled
Heap:
 garbage-first heap   total 81920K, used 33018K [0x000000070ae00000, 0x0000000800000000)
  region size 2048K, 3 young (6144K), 2 survivors (4096K)
 Metaspace       used 42436K, committed 42944K, reserved 1089536K
  class space    used 5645K, committed 5888K, reserved 1048576K
GC Heap History (18 events):
Event: 0.416 GC heap before
{Heap before GC invocations=0 (full 0):
 garbage-first heap   total 251904K, used 22528K [0x000000070ae00000, 0x0000000800000000)
  region size 2048K, 11 young (22528K), 0 survivors (0K)
 Metaspace       used 7318K, committed 7488K, reserved 1056768K
  class space    used 920K, committed 1024K, reserved 1048576K
}
Event: 0.419 GC heap after
{Heap after GC invocations=1 (full 0):
 garbage-first heap   total 251904K, used 5758K [0x000000070ae00000, 0x0000000800000000)
  region size 2048K, 2 young (4096K), 2 survivors (4096K)
 Metaspace       used 7318K, committed 7488K, reserved 1056768K
  class space    used 920K, committed 1024K, reserved 1048576K
}
Event: 0.622 GC heap before
{Heap before GC invocations=1 (full 0):
 garbage-first heap   total 251904K, used 30334K [0x000000070ae00000, 0x0000000800000000)
  region size 2048K, 14 young (28672K), 2 survivors (4096K)
 Metaspace       used 11931K, committed 12160K, reserved 1064960K
  class space    used 1595K, committed 1728K, reserved 1048576K
}
Event: 0.625 GC heap after
{Heap after GC invocations=2 (full 0):
 garbage-first heap   total 251904K, used 8210K [0x000000070ae00000, 0x0000000800000000)
  region size 2048K, 2 young (4096K), 2 survivors (4096K)
 Metaspace       used 11931K, committed 12160K, reserved 1064960K
  class space    used 1595K, committed 1728K, reserved 1048576K
}
Event: 1.145 GC heap before
{Heap before GC invocations=2 (full 0):
 garbage-first heap   total 251904K, used 77842K [0x000000070ae00000, 0x0000000800000000)
  region size 2048K, 37 young (75776K), 2 survivors (4096K)
 Metaspace       used 21147K, committed 21504K, reserved 1073152K
  class space    used 2914K, committed 3072K, reserved 1048576K
}
Event: 1.149 GC heap after
{Heap after GC invocations=3 (full 0):
 garbage-first heap   total 251904K, used 13120K [0x000000070ae00000, 0x0000000800000000)
  region size 2048K, 4 young (8192K), 4 survivors (8192K)
 Metaspace       used 21147K, committed 21504K, reserved 1073152K
  class space    used 2914K, committed 3072K, reserved 1048576K
}
Event: 1.370 GC heap before
{Heap before GC invocations=4 (full 0):
 garbage-first heap   total 55296K, used 39744K [0x000000070ae00000, 0x0000000800000000)
  region size 2048K, 18 young (36864K), 4 survivors (8192K)
 Metaspace       used 24822K, committed 25280K, reserved 1073152K
  class space    used 3427K, committed 3648K, reserved 1048576K
}
Event: 1.375 GC heap after
{Heap after GC invocations=5 (full 0):
 garbage-first heap   total 55296K, used 15598K [0x000000070ae00000, 0x0000000800000000)
  region size 2048K, 5 young (10240K), 5 survivors (10240K)
 Metaspace       used 24822K, committed 25280K, reserved 1073152K
  class space    used 3427K, committed 3648K, reserved 1048576K
}
Event: 1.483 GC heap before
{Heap before GC invocations=5 (full 0):
 garbage-first heap   total 55296K, used 17646K [0x000000070ae00000, 0x0000000800000000)
  region size 2048K, 6 young (12288K), 5 survivors (10240K)
 Metaspace       used 25351K, committed 25856K, reserved 1073152K
  class space    used 3504K, committed 3712K, reserved 1048576K
}
Event: 1.491 GC heap after
{Heap after GC invocations=6 (full 0):
 garbage-first heap   total 55296K, used 16499K [0x000000070ae00000, 0x0000000800000000)
  region size 2048K, 1 young (2048K), 1 survivors (2048K)
 Metaspace       used 25351K, committed 25856K, reserved 1073152K
  class space    used 3504K, committed 3712K, reserved 1048576K
}
Event: 1.748 GC heap before
{Heap before GC invocations=6 (full 0):
 garbage-first heap   total 55296K, used 36979K [0x000000070ae00000, 0x0000000800000000)
  region size 2048K, 11 young (22528K), 1 survivors (2048K)
 Metaspace       used 28845K, committed 29248K, reserved 1081344K
  class space    used 3953K, committed 4160K, reserved 1048576K
}
Event: 1.749 GC heap after
{Heap after GC invocations=7 (full 0):
 garbage-first heap   total 153600K, used 16375K [0x000000070ae00000, 0x0000000800000000)
  region size 2048K, 1 young (2048K), 1 survivors (2048K)
 Metaspace       used 28845K, committed 29248K, reserved 1081344K
  class space    used 3953K, committed 4160K, reserved 1048576K
}
Event: 39.816 GC heap before
{Heap before GC invocations=7 (full 0):
 garbage-first heap   total 153600K, used 67575K [0x000000070ae00000, 0x0000000800000000)
  region size 2048K, 27 young (55296K), 1 survivors (2048K)
 Metaspace       used 35637K, committed 36096K, reserved 1081344K
  class space    used 4888K, committed 5120K, reserved 1048576K
}
Event: 39.819 GC heap after
{Heap after GC invocations=8 (full 0):
 garbage-first heap   total 153600K, used 19667K [0x000000070ae00000, 0x0000000800000000)
  region size 2048K, 3 young (6144K), 3 survivors (6144K)
 Metaspace       used 35637K, committed 36096K, reserved 1081344K
  class space    used 4888K, committed 5120K, reserved 1048576K
}
Event: 46.508 GC heap before
{Heap before GC invocations=9 (full 0):
 garbage-first heap   total 81920K, used 60627K [0x000000070ae00000, 0x0000000800000000)
  region size 2048K, 24 young (49152K), 3 survivors (6144K)
 Metaspace       used 42415K, committed 42944K, reserved 1089536K
  class space    used 5640K, committed 5888K, reserved 1048576K
}
Event: 46.511 GC heap after
{Heap after GC invocations=10 (full 0):
 garbage-first heap   total 81920K, used 25615K [0x000000070ae00000, 0x0000000800000000)
  region size 2048K, 3 young (6144K), 3 survivors (6144K)
 Metaspace       used 42415K, committed 42944K, reserved 1089536K
  class space    used 5640K, committed 5888K, reserved 1048576K
}
Event: 46.535 GC heap before
{Heap before GC invocations=10 (full 0):
 garbage-first heap   total 81920K, used 62479K [0x000000070ae00000, 0x0000000800000000)
  region size 2048K, 19 young (38912K), 3 survivors (6144K)
 Metaspace       used 42429K, committed 42944K, reserved 1089536K
  class space    used 5644K, committed 5888K, reserved 1048576K
}
Event: 46.537 GC heap after
{Heap after GC invocations=11 (full 0):
 garbage-first heap   total 81920K, used 33018K [0x000000070ae00000, 0x0000000800000000)
  region size 2048K, 2 young (4096K), 2 survivors (4096K)
 Metaspace       used 42429K, committed 42944K, reserved 1089536K
  class space    used 5644K, committed 5888K, reserved 1048576K
}

