# JRE version: Java(TM) SE Runtime Environment (17.0.7+8) (build 17.0.7+8-LTS-224)
# Java VM: Java HotSpot(TM) 64-Bit Server VM (17.0.7+8-LTS-224, mixed mode, emulated-client, sharing, tiered, compressed oops, compressed class ptrs, g1 gc, windows-amd64)
GC Precious Log:
 CPUs: 16 total, 16 available
 Memory: 15681M
 Large Page Support: Disabled
 NUMA Support: Disabled
 Compressed Oops: Enabled (Zero based)
 Heap Region Size: 2M
 Heap Min Capacity: 8M
 Heap Initial Capacity: 246M
 Heap Max Capacity: 3922M
 Pre-touch: Disabled
 Parallel Workers: 13
 Concurrent Workers: 3
 Concurrent Refinement Workers: 13
 Periodic GC: Disabled
Heap:
 garbage-first heap   total 81920K, used 49779K [0x000000070ae00000, 0x0000000800000000)
  region size 2048K, 14 young (28672K), 3 survivors (6144K)
 Metaspace       used 44144K, committed 44608K, reserved 1089536K
  class space    used 5862K, committed 6080K, reserved 1048576K
GC Heap History (16 events):
Event: 0.708 GC heap before
{Heap before GC invocations=0 (full 0):
 garbage-first heap   total 251904K, used 22528K [0x000000070ae00000, 0x0000000800000000)
  region size 2048K, 11 young (22528K), 0 survivors (0K)
 Metaspace       used 7241K, committed 7488K, reserved 1056768K
  class space    used 908K, committed 1024K, reserved 1048576K
}
Event: 0.712 GC heap after
{Heap after GC invocations=1 (full 0):
 garbage-first heap   total 251904K, used 5756K [0x000000070ae00000, 0x0000000800000000)
  region size 2048K, 2 young (4096K), 2 survivors (4096K)
 Metaspace       used 7241K, committed 7488K, reserved 1056768K
  class space    used 908K, committed 1024K, reserved 1048576K
}
Event: 1.061 GC heap before
{Heap before GC invocations=1 (full 0):
 garbage-first heap   total 251904K, used 30332K [0x000000070ae00000, 0x0000000800000000)
  region size 2048K, 14 young (28672K), 2 survivors (4096K)
 Metaspace       used 11901K, committed 12160K, reserved 1064960K
  class space    used 1591K, committed 1728K, reserved 1048576K
}
Event: 1.065 GC heap after
{Heap after GC invocations=2 (full 0):
 garbage-first heap   total 251904K, used 8255K [0x000000070ae00000, 0x0000000800000000)
  region size 2048K, 2 young (4096K), 2 survivors (4096K)
 Metaspace       used 11901K, committed 12160K, reserved 1064960K
  class space    used 1591K, committed 1728K, reserved 1048576K
}
Event: 1.938 GC heap before
{Heap before GC invocations=2 (full 0):
 garbage-first heap   total 251904K, used 77887K [0x000000070ae00000, 0x0000000800000000)
  region size 2048K, 37 young (75776K), 2 survivors (4096K)
 Metaspace       used 21145K, committed 21504K, reserved 1073152K
  class space    used 2913K, committed 3072K, reserved 1048576K
}
Event: 1.945 GC heap after
{Heap after GC invocations=3 (full 0):
 garbage-first heap   total 251904K, used 13245K [0x000000070ae00000, 0x0000000800000000)
  region size 2048K, 4 young (8192K), 4 survivors (8192K)
 Metaspace       used 21145K, committed 21504K, reserved 1073152K
  class space    used 2913K, committed 3072K, reserved 1048576K
}
Event: 2.346 GC heap before
{Heap before GC invocations=4 (full 0):
 garbage-first heap   total 55296K, used 37821K [0x000000070ae00000, 0x0000000800000000)
  region size 2048K, 16 young (32768K), 4 survivors (8192K)
 Metaspace       used 24536K, committed 25088K, reserved 1073152K
  class space    used 3398K, committed 3648K, reserved 1048576K
}
Event: 2.358 GC heap after
{Heap after GC invocations=5 (full 0):
 garbage-first heap   total 55296K, used 15378K [0x000000070ae00000, 0x0000000800000000)
  region size 2048K, 2 young (4096K), 2 survivors (4096K)
 Metaspace       used 24536K, committed 25088K, reserved 1073152K
  class space    used 3398K, committed 3648K, reserved 1048576K
}
Event: 2.392 GC heap before
{Heap before GC invocations=5 (full 0):
 garbage-first heap   total 55296K, used 17426K [0x000000070ae00000, 0x0000000800000000)
  region size 2048K, 3 young (6144K), 2 survivors (4096K)
 Metaspace       used 25040K, committed 25536K, reserved 1073152K
  class space    used 3444K, committed 3648K, reserved 1048576K
}
Event: 2.399 GC heap after
{Heap after GC invocations=6 (full 0):
 garbage-first heap   total 55296K, used 15980K [0x000000070ae00000, 0x0000000800000000)
  region size 2048K, 1 young (2048K), 1 survivors (2048K)
 Metaspace       used 25040K, committed 25536K, reserved 1073152K
  class space    used 3444K, committed 3648K, reserved 1048576K
}
Event: 3.005 GC heap before
{Heap before GC invocations=6 (full 0):
 garbage-first heap   total 55296K, used 34412K [0x000000070ae00000, 0x0000000800000000)
  region size 2048K, 11 young (22528K), 1 survivors (2048K)
 Metaspace       used 29715K, committed 30208K, reserved 1081344K
  class space    used 4048K, committed 4288K, reserved 1048576K
}
Event: 3.013 GC heap after
{Heap after GC invocations=7 (full 0):
 garbage-first heap   total 153600K, used 17045K [0x000000070ae00000, 0x0000000800000000)
  region size 2048K, 1 young (2048K), 1 survivors (2048K)
 Metaspace       used 29715K, committed 30208K, reserved 1081344K
  class space    used 4048K, committed 4288K, reserved 1048576K
}
Event: 9.497 GC heap before
{Heap before GC invocations=7 (full 0):
 garbage-first heap   total 153600K, used 86677K [0x000000070ae00000, 0x0000000800000000)
  region size 2048K, 36 young (73728K), 1 survivors (2048K)
 Metaspace       used 35583K, committed 36096K, reserved 1081344K
  class space    used 4869K, committed 5120K, reserved 1048576K
}
Event: 9.504 GC heap after
{Heap after GC invocations=8 (full 0):
 garbage-first heap   total 153600K, used 21436K [0x000000070ae00000, 0x0000000800000000)
  region size 2048K, 3 young (6144K), 3 survivors (6144K)
 Metaspace       used 35583K, committed 36096K, reserved 1081344K
  class space    used 4869K, committed 5120K, reserved 1048576K
}
Event: 20.432 GC heap before
{Heap before GC invocations=9 (full 0):
 garbage-first heap   total 81920K, used 62396K [0x000000070ae00000, 0x0000000800000000)
  region size 2048K, 24 young (49152K), 3 survivors (6144K)
 Metaspace       used 44122K, committed 44608K, reserved 1089536K
  class space    used 5858K, committed 6080K, reserved 1048576K
}
Event: 20.443 GC heap after
{Heap after GC invocations=10 (full 0):
 garbage-first heap   total 81920K, used 27251K [0x000000070ae00000, 0x0000000800000000)
  region size 2048K, 3 young (6144K), 3 survivors (6144K)
 Metaspace       used 44122K, committed 44608K, reserved 1089536K
  class space    used 5858K, committed 6080K, reserved 1048576K
}

