# JRE version: Java(TM) SE Runtime Environment (17.0.7+8) (build 17.0.7+8-LTS-224)
# Java VM: Java HotSpot(TM) 64-Bit Server VM (17.0.7+8-LTS-224, mixed mode, emulated-client, sharing, tiered, compressed oops, compressed class ptrs, g1 gc, windows-amd64)
GC Precious Log:
 CPUs: 16 total, 16 available
 Memory: 15681M
 Large Page Support: Disabled
 NUMA Support: Disabled
 Compressed Oops: Enabled (Zero based)
 Heap Region Size: 2M
 Heap Min Capacity: 8M
 Heap Initial Capacity: 246M
 Heap Max Capacity: 3922M
 Pre-touch: Disabled
 Parallel Workers: 13
 Concurrent Workers: 3
 Concurrent Refinement Workers: 13
 Periodic GC: Disabled
Heap:
 garbage-first heap   total 153600K, used 116270K [0x000000070ae00000, 0x0000000800000000)
  region size 2048K, 42 young (86016K), 2 survivors (4096K)
 Metaspace       used 42806K, committed 43328K, reserved 1089536K
  class space    used 5707K, committed 5952K, reserved 1048576K
GC Heap History (20 events):
Event: 5907.319 GC heap before
{Heap before GC invocations=137 (full 0):
 garbage-first heap   total 153600K, used 124733K [0x000000070ae00000, 0x0000000800000000)
  region size 2048K, 45 young (92160K), 2 survivors (4096K)
 Metaspace       used 42806K, committed 43328K, reserved 1089536K
  class space    used 5707K, committed 5952K, reserved 1048576K
}
Event: 5907.320 GC heap after
{Heap after GC invocations=138 (full 0):
 garbage-first heap   total 153600K, used 25567K [0x000000070ae00000, 0x0000000800000000)
  region size 2048K, 1 young (2048K), 1 survivors (2048K)
 Metaspace       used 42806K, committed 43328K, reserved 1089536K
  class space    used 5707K, committed 5952K, reserved 1048576K
}
Event: 6272.802 GC heap before
{Heap before GC invocations=138 (full 0):
 garbage-first heap   total 153600K, used 125919K [0x000000070ae00000, 0x0000000800000000)
  region size 2048K, 45 young (92160K), 1 survivors (2048K)
 Metaspace       used 42806K, committed 43328K, reserved 1089536K
  class space    used 5707K, committed 5952K, reserved 1048576K
}
Event: 6272.803 GC heap after
{Heap after GC invocations=139 (full 0):
 garbage-first heap   total 153600K, used 31550K [0x000000070ae00000, 0x0000000800000000)
  region size 2048K, 2 young (4096K), 2 survivors (4096K)
 Metaspace       used 42806K, committed 43328K, reserved 1089536K
  class space    used 5707K, committed 5952K, reserved 1048576K
}
Event: 6274.662 GC heap before
{Heap before GC invocations=139 (full 0):
 garbage-first heap   total 153600K, used 127806K [0x000000070ae00000, 0x0000000800000000)
  region size 2048K, 45 young (92160K), 2 survivors (4096K)
 Metaspace       used 42806K, committed 43328K, reserved 1089536K
  class space    used 5707K, committed 5952K, reserved 1048576K
}
Event: 6274.663 GC heap after
{Heap after GC invocations=140 (full 0):
 garbage-first heap   total 153600K, used 28480K [0x000000070ae00000, 0x0000000800000000)
  region size 2048K, 2 young (4096K), 2 survivors (4096K)
 Metaspace       used 42806K, committed 43328K, reserved 1089536K
  class space    used 5707K, committed 5952K, reserved 1048576K
}
Event: 6277.159 GC heap before
{Heap before GC invocations=140 (full 0):
 garbage-first heap   total 153600K, used 124736K [0x000000070ae00000, 0x0000000800000000)
  region size 2048K, 45 young (92160K), 2 survivors (4096K)
 Metaspace       used 42806K, committed 43328K, reserved 1089536K
  class space    used 5707K, committed 5952K, reserved 1048576K
}
Event: 6277.160 GC heap after
{Heap after GC invocations=141 (full 0):
 garbage-first heap   total 153600K, used 28481K [0x000000070ae00000, 0x0000000800000000)
  region size 2048K, 2 young (4096K), 2 survivors (4096K)
 Metaspace       used 42806K, committed 43328K, reserved 1089536K
  class space    used 5707K, committed 5952K, reserved 1048576K
}
Event: 6279.672 GC heap before
{Heap before GC invocations=141 (full 0):
 garbage-first heap   total 153600K, used 124737K [0x000000070ae00000, 0x0000000800000000)
  region size 2048K, 45 young (92160K), 2 survivors (4096K)
 Metaspace       used 42806K, committed 43328K, reserved 1089536K
  class space    used 5707K, committed 5952K, reserved 1048576K
}
Event: 6279.672 GC heap after
{Heap after GC invocations=142 (full 0):
 garbage-first heap   total 153600K, used 28483K [0x000000070ae00000, 0x0000000800000000)
  region size 2048K, 2 young (4096K), 2 survivors (4096K)
 Metaspace       used 42806K, committed 43328K, reserved 1089536K
  class space    used 5707K, committed 5952K, reserved 1048576K
}
Event: 6282.150 GC heap before
{Heap before GC invocations=142 (full 0):
 garbage-first heap   total 153600K, used 124739K [0x000000070ae00000, 0x0000000800000000)
  region size 2048K, 45 young (92160K), 2 survivors (4096K)
 Metaspace       used 42806K, committed 43328K, reserved 1089536K
  class space    used 5707K, committed 5952K, reserved 1048576K
}
Event: 6282.151 GC heap after
{Heap after GC invocations=143 (full 0):
 garbage-first heap   total 153600K, used 26504K [0x000000070ae00000, 0x0000000800000000)
  region size 2048K, 2 young (4096K), 2 survivors (4096K)
 Metaspace       used 42806K, committed 43328K, reserved 1089536K
  class space    used 5707K, committed 5952K, reserved 1048576K
}
Event: 6409.516 GC heap before
{Heap before GC invocations=143 (full 0):
 garbage-first heap   total 153600K, used 122760K [0x000000070ae00000, 0x0000000800000000)
  region size 2048K, 45 young (92160K), 2 survivors (4096K)
 Metaspace       used 42806K, committed 43328K, reserved 1089536K
  class space    used 5707K, committed 5952K, reserved 1048576K
}
Event: 6409.517 GC heap after
{Heap after GC invocations=144 (full 0):
 garbage-first heap   total 153600K, used 27765K [0x000000070ae00000, 0x0000000800000000)
  region size 2048K, 2 young (4096K), 2 survivors (4096K)
 Metaspace       used 42806K, committed 43328K, reserved 1089536K
  class space    used 5707K, committed 5952K, reserved 1048576K
}
Event: 6412.258 GC heap before
{Heap before GC invocations=144 (full 0):
 garbage-first heap   total 153600K, used 124021K [0x000000070ae00000, 0x0000000800000000)
  region size 2048K, 45 young (92160K), 2 survivors (4096K)
 Metaspace       used 42806K, committed 43328K, reserved 1089536K
  class space    used 5707K, committed 5952K, reserved 1048576K
}
Event: 6412.259 GC heap after
{Heap after GC invocations=145 (full 0):
 garbage-first heap   total 153600K, used 25588K [0x000000070ae00000, 0x0000000800000000)
  region size 2048K, 1 young (2048K), 1 survivors (2048K)
 Metaspace       used 42806K, committed 43328K, reserved 1089536K
  class space    used 5707K, committed 5952K, reserved 1048576K
}
Event: 6498.119 GC heap before
{Heap before GC invocations=145 (full 0):
 garbage-first heap   total 153600K, used 123892K [0x000000070ae00000, 0x0000000800000000)
  region size 2048K, 45 young (92160K), 1 survivors (2048K)
 Metaspace       used 42806K, committed 43328K, reserved 1089536K
  class space    used 5707K, committed 5952K, reserved 1048576K
}
Event: 6498.119 GC heap after
{Heap after GC invocations=146 (full 0):
 garbage-first heap   total 153600K, used 26518K [0x000000070ae00000, 0x0000000800000000)
  region size 2048K, 2 young (4096K), 2 survivors (4096K)
 Metaspace       used 42806K, committed 43328K, reserved 1089536K
  class space    used 5707K, committed 5952K, reserved 1048576K
}
Event: 6500.654 GC heap before
{Heap before GC invocations=146 (full 0):
 garbage-first heap   total 153600K, used 122774K [0x000000070ae00000, 0x0000000800000000)
  region size 2048K, 45 young (92160K), 2 survivors (4096K)
 Metaspace       used 42806K, committed 43328K, reserved 1089536K
  class space    used 5707K, committed 5952K, reserved 1048576K
}
Event: 6500.655 GC heap after
{Heap after GC invocations=147 (full 0):
 garbage-first heap   total 153600K, used 28206K [0x000000070ae00000, 0x0000000800000000)
  region size 2048K, 2 young (4096K), 2 survivors (4096K)
 Metaspace       used 42806K, committed 43328K, reserved 1089536K
  class space    used 5707K, committed 5952K, reserved 1048576K
}

