# JRE version: Java(TM) SE Runtime Environment (17.0.7+8) (build 17.0.7+8-LTS-224)
# Java VM: Java HotSpot(TM) 64-Bit Server VM (17.0.7+8-LTS-224, mixed mode, emulated-client, sharing, tiered, compressed oops, compressed class ptrs, g1 gc, windows-amd64)
GC Precious Log:
 CPUs: 16 total, 16 available
 Memory: 15681M
 Large Page Support: Disabled
 NUMA Support: Disabled
 Compressed Oops: Enabled (Zero based)
 Heap Region Size: 2M
 Heap Min Capacity: 8M
 Heap Initial Capacity: 246M
 Heap Max Capacity: 3922M
 Pre-touch: Disabled
 Parallel Workers: 13
 Concurrent Workers: 3
 Concurrent Refinement Workers: 13
 Periodic GC: Disabled
Heap:
 garbage-first heap   total 83968K, used 48852K [0x000000070ae00000, 0x0000000800000000)
  region size 2048K, 13 young (26624K), 3 survivors (6144K)
 Metaspace       used 43760K, committed 44288K, reserved 1089536K
  class space    used 5816K, committed 6080K, reserved 1048576K
GC Heap History (16 events):
Event: 0.740 GC heap before
{Heap before GC invocations=0 (full 0):
 garbage-first heap   total 251904K, used 22528K [0x000000070ae00000, 0x0000000800000000)
  region size 2048K, 11 young (22528K), 0 survivors (0K)
 Metaspace       used 7294K, committed 7488K, reserved 1056768K
  class space    used 916K, committed 1024K, reserved 1048576K
}
Event: 0.745 GC heap after
{Heap after GC invocations=1 (full 0):
 garbage-first heap   total 251904K, used 5884K [0x000000070ae00000, 0x0000000800000000)
  region size 2048K, 2 young (4096K), 2 survivors (4096K)
 Metaspace       used 7294K, committed 7488K, reserved 1056768K
  class space    used 916K, committed 1024K, reserved 1048576K
}
Event: 1.114 GC heap before
{Heap before GC invocations=1 (full 0):
 garbage-first heap   total 251904K, used 30460K [0x000000070ae00000, 0x0000000800000000)
  region size 2048K, 14 young (28672K), 2 survivors (4096K)
 Metaspace       used 11891K, committed 12160K, reserved 1064960K
  class space    used 1593K, committed 1728K, reserved 1048576K
}
Event: 1.119 GC heap after
{Heap after GC invocations=2 (full 0):
 garbage-first heap   total 251904K, used 8363K [0x000000070ae00000, 0x0000000800000000)
  region size 2048K, 2 young (4096K), 2 survivors (4096K)
 Metaspace       used 11891K, committed 12160K, reserved 1064960K
  class space    used 1593K, committed 1728K, reserved 1048576K
}
Event: 2.408 GC heap before
{Heap before GC invocations=2 (full 0):
 garbage-first heap   total 251904K, used 77995K [0x000000070ae00000, 0x0000000800000000)
  region size 2048K, 37 young (75776K), 2 survivors (4096K)
 Metaspace       used 21155K, committed 21504K, reserved 1073152K
  class space    used 2915K, committed 3072K, reserved 1048576K
}
Event: 2.423 GC heap after
{Heap after GC invocations=3 (full 0):
 garbage-first heap   total 251904K, used 13347K [0x000000070ae00000, 0x0000000800000000)
  region size 2048K, 4 young (8192K), 4 survivors (8192K)
 Metaspace       used 21155K, committed 21504K, reserved 1073152K
  class space    used 2915K, committed 3072K, reserved 1048576K
}
Event: 2.935 GC heap before
{Heap before GC invocations=4 (full 0):
 garbage-first heap   total 55296K, used 37923K [0x000000070ae00000, 0x0000000800000000)
  region size 2048K, 16 young (32768K), 4 survivors (8192K)
 Metaspace       used 24509K, committed 25024K, reserved 1073152K
  class space    used 3396K, committed 3648K, reserved 1048576K
}
Event: 2.953 GC heap after
{Heap after GC invocations=5 (full 0):
 garbage-first heap   total 55296K, used 15061K [0x000000070ae00000, 0x0000000800000000)
  region size 2048K, 1 young (2048K), 1 survivors (2048K)
 Metaspace       used 24509K, committed 25024K, reserved 1073152K
  class space    used 3396K, committed 3648K, reserved 1048576K
}
Event: 3.017 GC heap before
{Heap before GC invocations=5 (full 0):
 garbage-first heap   total 55296K, used 15061K [0x000000070ae00000, 0x0000000800000000)
  region size 2048K, 2 young (4096K), 1 survivors (2048K)
 Metaspace       used 24957K, committed 25408K, reserved 1073152K
  class space    used 3437K, committed 3648K, reserved 1048576K
}
Event: 3.034 GC heap after
{Heap after GC invocations=6 (full 0):
 garbage-first heap   total 55296K, used 15442K [0x000000070ae00000, 0x0000000800000000)
  region size 2048K, 1 young (2048K), 1 survivors (2048K)
 Metaspace       used 24957K, committed 25408K, reserved 1073152K
  class space    used 3437K, committed 3648K, reserved 1048576K
}
Event: 3.759 GC heap before
{Heap before GC invocations=6 (full 0):
 garbage-first heap   total 55296K, used 35922K [0x000000070ae00000, 0x0000000800000000)
  region size 2048K, 11 young (22528K), 1 survivors (2048K)
 Metaspace       used 29701K, committed 30144K, reserved 1081344K
  class space    used 4047K, committed 4288K, reserved 1048576K
}
Event: 3.766 GC heap after
{Heap after GC invocations=7 (full 0):
 garbage-first heap   total 153600K, used 16491K [0x000000070ae00000, 0x0000000800000000)
  region size 2048K, 1 young (2048K), 1 survivors (2048K)
 Metaspace       used 29701K, committed 30144K, reserved 1081344K
  class space    used 4047K, committed 4288K, reserved 1048576K
}
Event: 12.755 GC heap before
{Heap before GC invocations=7 (full 0):
 garbage-first heap   total 153600K, used 86123K [0x000000070ae00000, 0x0000000800000000)
  region size 2048K, 36 young (73728K), 1 survivors (2048K)
 Metaspace       used 35577K, committed 36096K, reserved 1081344K
  class space    used 4870K, committed 5120K, reserved 1048576K
}
Event: 12.765 GC heap after
{Heap after GC invocations=8 (full 0):
 garbage-first heap   total 153600K, used 21012K [0x000000070ae00000, 0x0000000800000000)
  region size 2048K, 3 young (6144K), 3 survivors (6144K)
 Metaspace       used 35577K, committed 36096K, reserved 1081344K
  class space    used 4870K, committed 5120K, reserved 1048576K
}
Event: 19.775 GC heap before
{Heap before GC invocations=9 (full 0):
 garbage-first heap   total 81920K, used 64020K [0x000000070ae00000, 0x0000000800000000)
  region size 2048K, 24 young (49152K), 3 survivors (6144K)
 Metaspace       used 43740K, committed 44288K, reserved 1089536K
  class space    used 5811K, committed 6080K, reserved 1048576K
}
Event: 19.780 GC heap after
{Heap after GC invocations=10 (full 0):
 garbage-first heap   total 83968K, used 32468K [0x000000070ae00000, 0x0000000800000000)
  region size 2048K, 3 young (6144K), 3 survivors (6144K)
 Metaspace       used 43740K, committed 44288K, reserved 1089536K
  class space    used 5811K, committed 6080K, reserved 1048576K
}

