# JRE version: Java(TM) SE Runtime Environment (17.0.7+8) (build 17.0.7+8-LTS-224)
# Java VM: Java HotSpot(TM) 64-Bit Server VM (17.0.7+8-LTS-224, mixed mode, emulated-client, sharing, tiered, compressed oops, compressed class ptrs, g1 gc, windows-amd64)
GC Precious Log:
 CPUs: 16 total, 16 available
 Memory: 15681M
 Large Page Support: Disabled
 NUMA Support: Disabled
 Compressed Oops: Enabled (Zero based)
 Heap Region Size: 2M
 Heap Min Capacity: 8M
 Heap Initial Capacity: 246M
 Heap Max Capacity: 3922M
 Pre-touch: Disabled
 Parallel Workers: 13
 Concurrent Workers: 3
 Concurrent Refinement Workers: 13
 Periodic GC: Disabled
Heap:
 garbage-first heap   total 83968K, used 48904K [0x000000070ae00000, 0x0000000800000000)
  region size 2048K, 9 young (18432K), 0 survivors (0K)
 Metaspace       used 43761K, committed 44288K, reserved 1089536K
  class space    used 5813K, committed 6080K, reserved 1048576K
GC Heap History (18 events):
Event: 0.680 GC heap before
{Heap before GC invocations=0 (full 0):
 garbage-first heap   total 251904K, used 22528K [0x000000070ae00000, 0x0000000800000000)
  region size 2048K, 11 young (22528K), 0 survivors (0K)
 Metaspace       used 7228K, committed 7488K, reserved 1056768K
  class space    used 905K, committed 1024K, reserved 1048576K
}
Event: 0.684 GC heap after
{Heap after GC invocations=1 (full 0):
 garbage-first heap   total 251904K, used 5753K [0x000000070ae00000, 0x0000000800000000)
  region size 2048K, 2 young (4096K), 2 survivors (4096K)
 Metaspace       used 7228K, committed 7488K, reserved 1056768K
  class space    used 905K, committed 1024K, reserved 1048576K
}
Event: 1.021 GC heap before
{Heap before GC invocations=1 (full 0):
 garbage-first heap   total 251904K, used 30329K [0x000000070ae00000, 0x0000000800000000)
  region size 2048K, 14 young (28672K), 2 survivors (4096K)
 Metaspace       used 11842K, committed 12096K, reserved 1064960K
  class space    used 1586K, committed 1728K, reserved 1048576K
}
Event: 1.026 GC heap after
{Heap after GC invocations=2 (full 0):
 garbage-first heap   total 251904K, used 8335K [0x000000070ae00000, 0x0000000800000000)
  region size 2048K, 2 young (4096K), 2 survivors (4096K)
 Metaspace       used 11842K, committed 12096K, reserved 1064960K
  class space    used 1586K, committed 1728K, reserved 1048576K
}
Event: 1.886 GC heap before
{Heap before GC invocations=2 (full 0):
 garbage-first heap   total 251904K, used 77967K [0x000000070ae00000, 0x0000000800000000)
  region size 2048K, 37 young (75776K), 2 survivors (4096K)
 Metaspace       used 21151K, committed 21504K, reserved 1073152K
  class space    used 2915K, committed 3072K, reserved 1048576K
}
Event: 1.895 GC heap after
{Heap after GC invocations=3 (full 0):
 garbage-first heap   total 251904K, used 13312K [0x000000070ae00000, 0x0000000800000000)
  region size 2048K, 4 young (8192K), 4 survivors (8192K)
 Metaspace       used 21151K, committed 21504K, reserved 1073152K
  class space    used 2915K, committed 3072K, reserved 1048576K
}
Event: 2.363 GC heap before
{Heap before GC invocations=4 (full 0):
 garbage-first heap   total 55296K, used 37888K [0x000000070ae00000, 0x0000000800000000)
  region size 2048K, 16 young (32768K), 4 survivors (8192K)
 Metaspace       used 24536K, committed 25088K, reserved 1073152K
  class space    used 3398K, committed 3648K, reserved 1048576K
}
Event: 2.384 GC heap after
{Heap after GC invocations=5 (full 0):
 garbage-first heap   total 55296K, used 15355K [0x000000070ae00000, 0x0000000800000000)
  region size 2048K, 2 young (4096K), 2 survivors (4096K)
 Metaspace       used 24536K, committed 25088K, reserved 1073152K
  class space    used 3398K, committed 3648K, reserved 1048576K
}
Event: 2.437 GC heap before
{Heap before GC invocations=5 (full 0):
 garbage-first heap   total 55296K, used 17403K [0x000000070ae00000, 0x0000000800000000)
  region size 2048K, 3 young (6144K), 2 survivors (4096K)
 Metaspace       used 25034K, committed 25536K, reserved 1073152K
  class space    used 3444K, committed 3648K, reserved 1048576K
}
Event: 2.454 GC heap after
{Heap after GC invocations=6 (full 0):
 garbage-first heap   total 55296K, used 15980K [0x000000070ae00000, 0x0000000800000000)
  region size 2048K, 1 young (2048K), 1 survivors (2048K)
 Metaspace       used 25034K, committed 25536K, reserved 1073152K
  class space    used 3444K, committed 3648K, reserved 1048576K
}
Event: 3.069 GC heap before
{Heap before GC invocations=6 (full 0):
 garbage-first heap   total 55296K, used 36460K [0x000000070ae00000, 0x0000000800000000)
  region size 2048K, 11 young (22528K), 1 survivors (2048K)
 Metaspace       used 29721K, committed 30208K, reserved 1081344K
  class space    used 4049K, committed 4288K, reserved 1048576K
}
Event: 3.074 GC heap after
{Heap after GC invocations=7 (full 0):
 garbage-first heap   total 153600K, used 17076K [0x000000070ae00000, 0x0000000800000000)
  region size 2048K, 1 young (2048K), 1 survivors (2048K)
 Metaspace       used 29721K, committed 30208K, reserved 1081344K
  class space    used 4049K, committed 4288K, reserved 1048576K
}
Event: 8.315 GC heap before
{Heap before GC invocations=7 (full 0):
 garbage-first heap   total 153600K, used 84660K [0x000000070ae00000, 0x0000000800000000)
  region size 2048K, 35 young (71680K), 1 survivors (2048K)
 Metaspace       used 35485K, committed 35968K, reserved 1081344K
  class space    used 4855K, committed 5120K, reserved 1048576K
}
Event: 8.323 GC heap after
{Heap after GC invocations=8 (full 0):
 garbage-first heap   total 153600K, used 21411K [0x000000070ae00000, 0x0000000800000000)
  region size 2048K, 3 young (6144K), 3 survivors (6144K)
 Metaspace       used 35485K, committed 35968K, reserved 1081344K
  class space    used 4855K, committed 5120K, reserved 1048576K
}
Event: 15.100 GC heap before
{Heap before GC invocations=9 (full 0):
 garbage-first heap   total 81920K, used 64419K [0x000000070ae00000, 0x0000000800000000)
  region size 2048K, 24 young (49152K), 3 survivors (6144K)
 Metaspace       used 43740K, committed 44288K, reserved 1089536K
  class space    used 5808K, committed 6080K, reserved 1048576K
}
Event: 15.106 GC heap after
{Heap after GC invocations=10 (full 0):
 garbage-first heap   total 83968K, used 32170K [0x000000070ae00000, 0x0000000800000000)
  region size 2048K, 3 young (6144K), 3 survivors (6144K)
 Metaspace       used 43740K, committed 44288K, reserved 1089536K
  class space    used 5808K, committed 6080K, reserved 1048576K
}
Event: 15.107 GC heap before
{Heap before GC invocations=10 (full 0):
 garbage-first heap   total 83968K, used 34218K [0x000000070ae00000, 0x0000000800000000)
  region size 2048K, 4 young (8192K), 3 survivors (6144K)
 Metaspace       used 43740K, committed 44288K, reserved 1089536K
  class space    used 5808K, committed 6080K, reserved 1048576K
}
Event: 15.109 GC heap after
{Heap after GC invocations=11 (full 0):
 garbage-first heap   total 83968K, used 32520K [0x000000070ae00000, 0x0000000800000000)
  region size 2048K, 0 young (0K), 0 survivors (0K)
 Metaspace       used 43740K, committed 44288K, reserved 1089536K
  class space    used 5808K, committed 6080K, reserved 1048576K
}

